Traceback (most recent call last):
  File "/home/jubayer/anaconda3/envs/book-template/lib/python3.7/site-packages/jupyter_cache/executors/basic.py", line 157, in execute
    executenb(nb_bundle.nb, cwd=tmpdirname)
  File "/home/jubayer/.local/lib/python3.7/site-packages/nbconvert/preprocessors/execute.py", line 737, in executenb
    return ep.preprocess(nb, resources, km=km)[0]
  File "/home/jubayer/.local/lib/python3.7/site-packages/nbconvert/preprocessors/execute.py", line 405, in preprocess
    nb, resources = super(ExecutePreprocessor, self).preprocess(nb, resources)
  File "/home/jubayer/.local/lib/python3.7/site-packages/nbconvert/preprocessors/base.py", line 69, in preprocess
    nb.cells[index], resources = self.preprocess_cell(cell, resources, index)
  File "/home/jubayer/.local/lib/python3.7/site-packages/nbconvert/preprocessors/execute.py", line 448, in preprocess_cell
    raise CellExecutionError.from_cell_and_msg(cell, out)
nbconvert.preprocessors.execute.CellExecutionError: An error occurred while executing the following cell:
------------------
import screed # A Python library for reading FASTA and FASQ file format.
def readFastaFile(inputfile):
    """
    Reads and returns file as FASTA format with special characters removed.
    """
    with screed.open(inputfile) as seqfile:
        for read in seqfile:
            seq = read.sequence
    return seq
------------------

[0;31m---------------------------------------------------------------------------[0m
[0;31mModuleNotFoundError[0m                       Traceback (most recent call last)
[0;32m<ipython-input-1-6685e51b0dc7>[0m in [0;36m<module>[0;34m[0m
[0;32m----> 1[0;31m [0;32mimport[0m [0mscreed[0m [0;31m# A Python library for reading FASTA and FASQ file format.[0m[0;34m[0m[0;34m[0m[0m
[0m[1;32m      2[0m [0;32mdef[0m [0mreadFastaFile[0m[0;34m([0m[0minputfile[0m[0;34m)[0m[0;34m:[0m[0;34m[0m[0;34m[0m[0m
[1;32m      3[0m     """
[1;32m      4[0m     [0mReads[0m [0;32mand[0m [0mreturns[0m [0mfile[0m [0;32mas[0m [0mFASTA[0m [0mformat[0m [0;32mwith[0m [0mspecial[0m [0mcharacters[0m [0mremoved[0m[0;34m.[0m[0;34m[0m[0;34m[0m[0m
[1;32m      5[0m     """

[0;31mModuleNotFoundError[0m: No module named 'screed'
ModuleNotFoundError: No module named 'screed'

