Traceback (most recent call last):
  File "/home/jubayer/anaconda3/envs/book-template/lib/python3.7/site-packages/jupyter_cache/executors/basic.py", line 157, in execute
    executenb(nb_bundle.nb, cwd=tmpdirname)
  File "/home/jubayer/.local/lib/python3.7/site-packages/nbconvert/preprocessors/execute.py", line 737, in executenb
    return ep.preprocess(nb, resources, km=km)[0]
  File "/home/jubayer/.local/lib/python3.7/site-packages/nbconvert/preprocessors/execute.py", line 405, in preprocess
    nb, resources = super(ExecutePreprocessor, self).preprocess(nb, resources)
  File "/home/jubayer/.local/lib/python3.7/site-packages/nbconvert/preprocessors/base.py", line 69, in preprocess
    nb.cells[index], resources = self.preprocess_cell(cell, resources, index)
  File "/home/jubayer/.local/lib/python3.7/site-packages/nbconvert/preprocessors/execute.py", line 448, in preprocess_cell
    raise CellExecutionError.from_cell_and_msg(cell, out)
nbconvert.preprocessors.execute.CellExecutionError: An error occurred while executing the following cell:
------------------
# screed a library for reading in FASTA/FASTQ
import screed
with screed.open("../data/sequence1.fasta") as seqfile:
    for read in seqfile:
        print(read.sequence)
------------------

[0;31m---------------------------------------------------------------------------[0m
[0;31mModuleNotFoundError[0m                       Traceback (most recent call last)
[0;32m<ipython-input-1-b1c17ce1bfc4>[0m in [0;36m<module>[0;34m[0m
[1;32m      1[0m [0;31m# screed a library for reading in FASTA/FASTQ[0m[0;34m[0m[0;34m[0m[0;34m[0m[0m
[0;32m----> 2[0;31m [0;32mimport[0m [0mscreed[0m[0;34m[0m[0;34m[0m[0m
[0m[1;32m      3[0m [0;32mwith[0m [0mscreed[0m[0;34m.[0m[0mopen[0m[0;34m([0m[0;34m"../data/sequence1.fasta"[0m[0;34m)[0m [0;32mas[0m [0mseqfile[0m[0;34m:[0m[0;34m[0m[0;34m[0m[0m
[1;32m      4[0m     [0;32mfor[0m [0mread[0m [0;32min[0m [0mseqfile[0m[0;34m:[0m[0;34m[0m[0;34m[0m[0m
[1;32m      5[0m         [0mprint[0m[0;34m([0m[0mread[0m[0;34m.[0m[0msequence[0m[0;34m)[0m[0;34m[0m[0;34m[0m[0m

[0;31mModuleNotFoundError[0m: No module named 'screed'
ModuleNotFoundError: No module named 'screed'

